<?xml version="1.0" encoding="UTF-8"?>
<testsuite xmlns:xsi="http://www.w3.org/2001/XMLSchema-instance" xsi:noNamespaceSchemaLocation="https://maven.apache.org/surefire/maven-surefire-plugin/xsd/surefire-test-report.xsd" name="org.adaschool.tdd.MongoWeatherServiceTest" time="4.395" tests="3" errors="1" skipped="0" failures="2">
  <properties>
    <property name="sun.desktop" value="windows"/>
    <property name="awt.toolkit" value="sun.awt.windows.WToolkit"/>
    <property name="file.encoding.pkg" value="sun.io"/>
    <property name="java.specification.version" value="1.8"/>
    <property name="sun.cpu.isalist" value="amd64"/>
    <property name="sun.jnu.encoding" value="Cp1252"/>
    <property name="java.class.path" value="D:\David ECI\10 SEMESTRE\IETI\LABORATORIO\5 SEMANA\spring-boot-tdd-DavidRivera\target\test-classes;D:\David ECI\10 SEMESTRE\IETI\LABORATORIO\5 SEMANA\spring-boot-tdd-DavidRivera\target\classes;C:\Users\Usuario\.m2\repository\org\springframework\boot\spring-boot-starter-data-mongodb\2.5.4\spring-boot-starter-data-mongodb-2.5.4.jar;C:\Users\Usuario\.m2\repository\org\springframework\boot\spring-boot-starter\2.5.4\spring-boot-starter-2.5.4.jar;C:\Users\Usuario\.m2\repository\org\springframework\boot\spring-boot\2.5.4\spring-boot-2.5.4.jar;C:\Users\Usuario\.m2\repository\org\springframework\boot\spring-boot-autoconfigure\2.5.4\spring-boot-autoconfigure-2.5.4.jar;C:\Users\Usuario\.m2\repository\org\springframework\boot\spring-boot-starter-logging\2.5.4\spring-boot-starter-logging-2.5.4.jar;C:\Users\Usuario\.m2\repository\ch\qos\logback\logback-classic\1.2.5\logback-classic-1.2.5.jar;C:\Users\Usuario\.m2\repository\ch\qos\logback\logback-core\1.2.5\logback-core-1.2.5.jar;C:\Users\Usuario\.m2\repository\org\apache\logging\log4j\log4j-to-slf4j\2.14.1\log4j-to-slf4j-2.14.1.jar;C:\Users\Usuario\.m2\repository\org\apache\logging\log4j\log4j-api\2.14.1\log4j-api-2.14.1.jar;C:\Users\Usuario\.m2\repository\org\slf4j\jul-to-slf4j\1.7.32\jul-to-slf4j-1.7.32.jar;C:\Users\Usuario\.m2\repository\jakarta\annotation\jakarta.annotation-api\1.3.5\jakarta.annotation-api-1.3.5.jar;C:\Users\Usuario\.m2\repository\org\yaml\snakeyaml\1.28\snakeyaml-1.28.jar;C:\Users\Usuario\.m2\repository\org\mongodb\mongodb-driver-sync\4.2.3\mongodb-driver-sync-4.2.3.jar;C:\Users\Usuario\.m2\repository\org\mongodb\bson\4.2.3\bson-4.2.3.jar;C:\Users\Usuario\.m2\repository\org\mongodb\mongodb-driver-core\4.2.3\mongodb-driver-core-4.2.3.jar;C:\Users\Usuario\.m2\repository\org\springframework\data\spring-data-mongodb\3.2.4\spring-data-mongodb-3.2.4.jar;C:\Users\Usuario\.m2\repository\org\springframework\spring-tx\5.3.9\spring-tx-5.3.9.jar;C:\Users\Usuario\.m2\repository\org\springframework\spring-context\5.3.9\spring-context-5.3.9.jar;C:\Users\Usuario\.m2\repository\org\springframework\spring-beans\5.3.9\spring-beans-5.3.9.jar;C:\Users\Usuario\.m2\repository\org\springframework\spring-expression\5.3.9\spring-expression-5.3.9.jar;C:\Users\Usuario\.m2\repository\org\springframework\data\spring-data-commons\2.5.4\spring-data-commons-2.5.4.jar;C:\Users\Usuario\.m2\repository\org\slf4j\slf4j-api\1.7.32\slf4j-api-1.7.32.jar;C:\Users\Usuario\.m2\repository\org\springframework\boot\spring-boot-starter-web\2.5.4\spring-boot-starter-web-2.5.4.jar;C:\Users\Usuario\.m2\repository\org\springframework\boot\spring-boot-starter-json\2.5.4\spring-boot-starter-json-2.5.4.jar;C:\Users\Usuario\.m2\repository\com\fasterxml\jackson\core\jackson-databind\2.12.4\jackson-databind-2.12.4.jar;C:\Users\Usuario\.m2\repository\com\fasterxml\jackson\core\jackson-annotations\2.12.4\jackson-annotations-2.12.4.jar;C:\Users\Usuario\.m2\repository\com\fasterxml\jackson\core\jackson-core\2.12.4\jackson-core-2.12.4.jar;C:\Users\Usuario\.m2\repository\com\fasterxml\jackson\datatype\jackson-datatype-jdk8\2.12.4\jackson-datatype-jdk8-2.12.4.jar;C:\Users\Usuario\.m2\repository\com\fasterxml\jackson\datatype\jackson-datatype-jsr310\2.12.4\jackson-datatype-jsr310-2.12.4.jar;C:\Users\Usuario\.m2\repository\com\fasterxml\jackson\module\jackson-module-parameter-names\2.12.4\jackson-module-parameter-names-2.12.4.jar;C:\Users\Usuario\.m2\repository\org\springframework\boot\spring-boot-starter-tomcat\2.5.4\spring-boot-starter-tomcat-2.5.4.jar;C:\Users\Usuario\.m2\repository\org\apache\tomcat\embed\tomcat-embed-core\9.0.52\tomcat-embed-core-9.0.52.jar;C:\Users\Usuario\.m2\repository\org\apache\tomcat\embed\tomcat-embed-el\9.0.52\tomcat-embed-el-9.0.52.jar;C:\Users\Usuario\.m2\repository\org\apache\tomcat\embed\tomcat-embed-websocket\9.0.52\tomcat-embed-websocket-9.0.52.jar;C:\Users\Usuario\.m2\repository\org\springframework\spring-web\5.3.9\spring-web-5.3.9.jar;C:\Users\Usuario\.m2\repository\org\springframework\spring-webmvc\5.3.9\spring-webmvc-5.3.9.jar;C:\Users\Usuario\.m2\repository\org\springframework\spring-aop\5.3.9\spring-aop-5.3.9.jar;C:\Users\Usuario\.m2\repository\org\springframework\boot\spring-boot-starter-test\2.5.4\spring-boot-starter-test-2.5.4.jar;C:\Users\Usuario\.m2\repository\org\springframework\boot\spring-boot-test\2.5.4\spring-boot-test-2.5.4.jar;C:\Users\Usuario\.m2\repository\org\springframework\boot\spring-boot-test-autoconfigure\2.5.4\spring-boot-test-autoconfigure-2.5.4.jar;C:\Users\Usuario\.m2\repository\com\jayway\jsonpath\json-path\2.5.0\json-path-2.5.0.jar;C:\Users\Usuario\.m2\repository\net\minidev\json-smart\2.4.7\json-smart-2.4.7.jar;C:\Users\Usuario\.m2\repository\net\minidev\accessors-smart\2.4.7\accessors-smart-2.4.7.jar;C:\Users\Usuario\.m2\repository\org\ow2\asm\asm\9.1\asm-9.1.jar;C:\Users\Usuario\.m2\repository\jakarta\xml\bind\jakarta.xml.bind-api\2.3.3\jakarta.xml.bind-api-2.3.3.jar;C:\Users\Usuario\.m2\repository\jakarta\activation\jakarta.activation-api\1.2.2\jakarta.activation-api-1.2.2.jar;C:\Users\Usuario\.m2\repository\org\assertj\assertj-core\3.19.0\assertj-core-3.19.0.jar;C:\Users\Usuario\.m2\repository\org\hamcrest\hamcrest\2.2\hamcrest-2.2.jar;C:\Users\Usuario\.m2\repository\org\junit\jupiter\junit-jupiter\5.7.2\junit-jupiter-5.7.2.jar;C:\Users\Usuario\.m2\repository\org\junit\jupiter\junit-jupiter-api\5.7.2\junit-jupiter-api-5.7.2.jar;C:\Users\Usuario\.m2\repository\org\apiguardian\apiguardian-api\1.1.0\apiguardian-api-1.1.0.jar;C:\Users\Usuario\.m2\repository\org\opentest4j\opentest4j\1.2.0\opentest4j-1.2.0.jar;C:\Users\Usuario\.m2\repository\org\junit\platform\junit-platform-commons\1.7.2\junit-platform-commons-1.7.2.jar;C:\Users\Usuario\.m2\repository\org\junit\jupiter\junit-jupiter-params\5.7.2\junit-jupiter-params-5.7.2.jar;C:\Users\Usuario\.m2\repository\org\junit\jupiter\junit-jupiter-engine\5.7.2\junit-jupiter-engine-5.7.2.jar;C:\Users\Usuario\.m2\repository\org\junit\platform\junit-platform-engine\1.7.2\junit-platform-engine-1.7.2.jar;C:\Users\Usuario\.m2\repository\org\mockito\mockito-core\3.9.0\mockito-core-3.9.0.jar;C:\Users\Usuario\.m2\repository\net\bytebuddy\byte-buddy\1.10.22\byte-buddy-1.10.22.jar;C:\Users\Usuario\.m2\repository\net\bytebuddy\byte-buddy-agent\1.10.22\byte-buddy-agent-1.10.22.jar;C:\Users\Usuario\.m2\repository\org\objenesis\objenesis\3.2\objenesis-3.2.jar;C:\Users\Usuario\.m2\repository\org\mockito\mockito-junit-jupiter\3.9.0\mockito-junit-jupiter-3.9.0.jar;C:\Users\Usuario\.m2\repository\org\skyscreamer\jsonassert\1.5.0\jsonassert-1.5.0.jar;C:\Users\Usuario\.m2\repository\com\vaadin\external\google\android-json\0.0.20131108.vaadin1\android-json-0.0.20131108.vaadin1.jar;C:\Users\Usuario\.m2\repository\org\springframework\spring-core\5.3.9\spring-core-5.3.9.jar;C:\Users\Usuario\.m2\repository\org\springframework\spring-jcl\5.3.9\spring-jcl-5.3.9.jar;C:\Users\Usuario\.m2\repository\org\springframework\spring-test\5.3.9\spring-test-5.3.9.jar;C:\Users\Usuario\.m2\repository\org\xmlunit\xmlunit-core\2.8.2\xmlunit-core-2.8.2.jar;"/>
    <property name="java.vm.vendor" value="Oracle Corporation"/>
    <property name="sun.arch.data.model" value="64"/>
    <property name="user.variant" value=""/>
    <property name="java.vendor.url" value="http://java.oracle.com/"/>
    <property name="user.timezone" value="America/Bogota"/>
    <property name="java.vm.specification.version" value="1.8"/>
    <property name="os.name" value="Windows 10"/>
    <property name="user.country" value="419"/>
    <property name="sun.java.launcher" value="SUN_STANDARD"/>
    <property name="sun.boot.library.path" value="C:\Program Files\Java\jdk1.8.0_202\jre\bin"/>
    <property name="sun.java.command" value="C:\Users\Usuario\AppData\Local\Temp\surefire2101893190286842881\surefirebooter5599139190002184346.jar C:\Users\Usuario\AppData\Local\Temp\surefire2101893190286842881 2021-09-16T14-04-10_716-jvmRun1 surefire1222034803987587600tmp surefire_05074063550660872992tmp"/>
    <property name="surefire.test.class.path" value="D:\David ECI\10 SEMESTRE\IETI\LABORATORIO\5 SEMANA\spring-boot-tdd-DavidRivera\target\test-classes;D:\David ECI\10 SEMESTRE\IETI\LABORATORIO\5 SEMANA\spring-boot-tdd-DavidRivera\target\classes;C:\Users\Usuario\.m2\repository\org\springframework\boot\spring-boot-starter-data-mongodb\2.5.4\spring-boot-starter-data-mongodb-2.5.4.jar;C:\Users\Usuario\.m2\repository\org\springframework\boot\spring-boot-starter\2.5.4\spring-boot-starter-2.5.4.jar;C:\Users\Usuario\.m2\repository\org\springframework\boot\spring-boot\2.5.4\spring-boot-2.5.4.jar;C:\Users\Usuario\.m2\repository\org\springframework\boot\spring-boot-autoconfigure\2.5.4\spring-boot-autoconfigure-2.5.4.jar;C:\Users\Usuario\.m2\repository\org\springframework\boot\spring-boot-starter-logging\2.5.4\spring-boot-starter-logging-2.5.4.jar;C:\Users\Usuario\.m2\repository\ch\qos\logback\logback-classic\1.2.5\logback-classic-1.2.5.jar;C:\Users\Usuario\.m2\repository\ch\qos\logback\logback-core\1.2.5\logback-core-1.2.5.jar;C:\Users\Usuario\.m2\repository\org\apache\logging\log4j\log4j-to-slf4j\2.14.1\log4j-to-slf4j-2.14.1.jar;C:\Users\Usuario\.m2\repository\org\apache\logging\log4j\log4j-api\2.14.1\log4j-api-2.14.1.jar;C:\Users\Usuario\.m2\repository\org\slf4j\jul-to-slf4j\1.7.32\jul-to-slf4j-1.7.32.jar;C:\Users\Usuario\.m2\repository\jakarta\annotation\jakarta.annotation-api\1.3.5\jakarta.annotation-api-1.3.5.jar;C:\Users\Usuario\.m2\repository\org\yaml\snakeyaml\1.28\snakeyaml-1.28.jar;C:\Users\Usuario\.m2\repository\org\mongodb\mongodb-driver-sync\4.2.3\mongodb-driver-sync-4.2.3.jar;C:\Users\Usuario\.m2\repository\org\mongodb\bson\4.2.3\bson-4.2.3.jar;C:\Users\Usuario\.m2\repository\org\mongodb\mongodb-driver-core\4.2.3\mongodb-driver-core-4.2.3.jar;C:\Users\Usuario\.m2\repository\org\springframework\data\spring-data-mongodb\3.2.4\spring-data-mongodb-3.2.4.jar;C:\Users\Usuario\.m2\repository\org\springframework\spring-tx\5.3.9\spring-tx-5.3.9.jar;C:\Users\Usuario\.m2\repository\org\springframework\spring-context\5.3.9\spring-context-5.3.9.jar;C:\Users\Usuario\.m2\repository\org\springframework\spring-beans\5.3.9\spring-beans-5.3.9.jar;C:\Users\Usuario\.m2\repository\org\springframework\spring-expression\5.3.9\spring-expression-5.3.9.jar;C:\Users\Usuario\.m2\repository\org\springframework\data\spring-data-commons\2.5.4\spring-data-commons-2.5.4.jar;C:\Users\Usuario\.m2\repository\org\slf4j\slf4j-api\1.7.32\slf4j-api-1.7.32.jar;C:\Users\Usuario\.m2\repository\org\springframework\boot\spring-boot-starter-web\2.5.4\spring-boot-starter-web-2.5.4.jar;C:\Users\Usuario\.m2\repository\org\springframework\boot\spring-boot-starter-json\2.5.4\spring-boot-starter-json-2.5.4.jar;C:\Users\Usuario\.m2\repository\com\fasterxml\jackson\core\jackson-databind\2.12.4\jackson-databind-2.12.4.jar;C:\Users\Usuario\.m2\repository\com\fasterxml\jackson\core\jackson-annotations\2.12.4\jackson-annotations-2.12.4.jar;C:\Users\Usuario\.m2\repository\com\fasterxml\jackson\core\jackson-core\2.12.4\jackson-core-2.12.4.jar;C:\Users\Usuario\.m2\repository\com\fasterxml\jackson\datatype\jackson-datatype-jdk8\2.12.4\jackson-datatype-jdk8-2.12.4.jar;C:\Users\Usuario\.m2\repository\com\fasterxml\jackson\datatype\jackson-datatype-jsr310\2.12.4\jackson-datatype-jsr310-2.12.4.jar;C:\Users\Usuario\.m2\repository\com\fasterxml\jackson\module\jackson-module-parameter-names\2.12.4\jackson-module-parameter-names-2.12.4.jar;C:\Users\Usuario\.m2\repository\org\springframework\boot\spring-boot-starter-tomcat\2.5.4\spring-boot-starter-tomcat-2.5.4.jar;C:\Users\Usuario\.m2\repository\org\apache\tomcat\embed\tomcat-embed-core\9.0.52\tomcat-embed-core-9.0.52.jar;C:\Users\Usuario\.m2\repository\org\apache\tomcat\embed\tomcat-embed-el\9.0.52\tomcat-embed-el-9.0.52.jar;C:\Users\Usuario\.m2\repository\org\apache\tomcat\embed\tomcat-embed-websocket\9.0.52\tomcat-embed-websocket-9.0.52.jar;C:\Users\Usuario\.m2\repository\org\springframework\spring-web\5.3.9\spring-web-5.3.9.jar;C:\Users\Usuario\.m2\repository\org\springframework\spring-webmvc\5.3.9\spring-webmvc-5.3.9.jar;C:\Users\Usuario\.m2\repository\org\springframework\spring-aop\5.3.9\spring-aop-5.3.9.jar;C:\Users\Usuario\.m2\repository\org\springframework\boot\spring-boot-starter-test\2.5.4\spring-boot-starter-test-2.5.4.jar;C:\Users\Usuario\.m2\repository\org\springframework\boot\spring-boot-test\2.5.4\spring-boot-test-2.5.4.jar;C:\Users\Usuario\.m2\repository\org\springframework\boot\spring-boot-test-autoconfigure\2.5.4\spring-boot-test-autoconfigure-2.5.4.jar;C:\Users\Usuario\.m2\repository\com\jayway\jsonpath\json-path\2.5.0\json-path-2.5.0.jar;C:\Users\Usuario\.m2\repository\net\minidev\json-smart\2.4.7\json-smart-2.4.7.jar;C:\Users\Usuario\.m2\repository\net\minidev\accessors-smart\2.4.7\accessors-smart-2.4.7.jar;C:\Users\Usuario\.m2\repository\org\ow2\asm\asm\9.1\asm-9.1.jar;C:\Users\Usuario\.m2\repository\jakarta\xml\bind\jakarta.xml.bind-api\2.3.3\jakarta.xml.bind-api-2.3.3.jar;C:\Users\Usuario\.m2\repository\jakarta\activation\jakarta.activation-api\1.2.2\jakarta.activation-api-1.2.2.jar;C:\Users\Usuario\.m2\repository\org\assertj\assertj-core\3.19.0\assertj-core-3.19.0.jar;C:\Users\Usuario\.m2\repository\org\hamcrest\hamcrest\2.2\hamcrest-2.2.jar;C:\Users\Usuario\.m2\repository\org\junit\jupiter\junit-jupiter\5.7.2\junit-jupiter-5.7.2.jar;C:\Users\Usuario\.m2\repository\org\junit\jupiter\junit-jupiter-api\5.7.2\junit-jupiter-api-5.7.2.jar;C:\Users\Usuario\.m2\repository\org\apiguardian\apiguardian-api\1.1.0\apiguardian-api-1.1.0.jar;C:\Users\Usuario\.m2\repository\org\opentest4j\opentest4j\1.2.0\opentest4j-1.2.0.jar;C:\Users\Usuario\.m2\repository\org\junit\platform\junit-platform-commons\1.7.2\junit-platform-commons-1.7.2.jar;C:\Users\Usuario\.m2\repository\org\junit\jupiter\junit-jupiter-params\5.7.2\junit-jupiter-params-5.7.2.jar;C:\Users\Usuario\.m2\repository\org\junit\jupiter\junit-jupiter-engine\5.7.2\junit-jupiter-engine-5.7.2.jar;C:\Users\Usuario\.m2\repository\org\junit\platform\junit-platform-engine\1.7.2\junit-platform-engine-1.7.2.jar;C:\Users\Usuario\.m2\repository\org\mockito\mockito-core\3.9.0\mockito-core-3.9.0.jar;C:\Users\Usuario\.m2\repository\net\bytebuddy\byte-buddy\1.10.22\byte-buddy-1.10.22.jar;C:\Users\Usuario\.m2\repository\net\bytebuddy\byte-buddy-agent\1.10.22\byte-buddy-agent-1.10.22.jar;C:\Users\Usuario\.m2\repository\org\objenesis\objenesis\3.2\objenesis-3.2.jar;C:\Users\Usuario\.m2\repository\org\mockito\mockito-junit-jupiter\3.9.0\mockito-junit-jupiter-3.9.0.jar;C:\Users\Usuario\.m2\repository\org\skyscreamer\jsonassert\1.5.0\jsonassert-1.5.0.jar;C:\Users\Usuario\.m2\repository\com\vaadin\external\google\android-json\0.0.20131108.vaadin1\android-json-0.0.20131108.vaadin1.jar;C:\Users\Usuario\.m2\repository\org\springframework\spring-core\5.3.9\spring-core-5.3.9.jar;C:\Users\Usuario\.m2\repository\org\springframework\spring-jcl\5.3.9\spring-jcl-5.3.9.jar;C:\Users\Usuario\.m2\repository\org\springframework\spring-test\5.3.9\spring-test-5.3.9.jar;C:\Users\Usuario\.m2\repository\org\xmlunit\xmlunit-core\2.8.2\xmlunit-core-2.8.2.jar;"/>
    <property name="sun.cpu.endian" value="little"/>
    <property name="user.home" value="C:\Users\Usuario"/>
    <property name="user.language" value="es"/>
    <property name="java.specification.vendor" value="Oracle Corporation"/>
    <property name="java.home" value="C:\Program Files\Java\jdk1.8.0_202\jre"/>
    <property name="basedir" value="D:\David ECI\10 SEMESTRE\IETI\LABORATORIO\5 SEMANA\spring-boot-tdd-DavidRivera"/>
    <property name="file.separator" value="\"/>
    <property name="line.separator" value="&#10;"/>
    <property name="java.vm.specification.vendor" value="Oracle Corporation"/>
    <property name="java.specification.name" value="Java Platform API Specification"/>
    <property name="java.awt.graphicsenv" value="sun.awt.Win32GraphicsEnvironment"/>
    <property name="surefire.real.class.path" value="C:\Users\Usuario\AppData\Local\Temp\surefire2101893190286842881\surefirebooter5599139190002184346.jar"/>
    <property name="sun.boot.class.path" value="C:\Program Files\Java\jdk1.8.0_202\jre\lib\resources.jar;C:\Program Files\Java\jdk1.8.0_202\jre\lib\rt.jar;C:\Program Files\Java\jdk1.8.0_202\jre\lib\sunrsasign.jar;C:\Program Files\Java\jdk1.8.0_202\jre\lib\jsse.jar;C:\Program Files\Java\jdk1.8.0_202\jre\lib\jce.jar;C:\Program Files\Java\jdk1.8.0_202\jre\lib\charsets.jar;C:\Program Files\Java\jdk1.8.0_202\jre\lib\jfr.jar;C:\Program Files\Java\jdk1.8.0_202\jre\classes"/>
    <property name="user.script" value=""/>
    <property name="sun.management.compiler" value="HotSpot 64-Bit Tiered Compilers"/>
    <property name="java.runtime.version" value="1.8.0_202-b08"/>
    <property name="user.name" value="Usuario"/>
    <property name="path.separator" value=";"/>
    <property name="os.version" value="10.0"/>
    <property name="java.endorsed.dirs" value="C:\Program Files\Java\jdk1.8.0_202\jre\lib\endorsed"/>
    <property name="java.runtime.name" value="Java(TM) SE Runtime Environment"/>
    <property name="file.encoding" value="Cp1252"/>
    <property name="java.vm.name" value="Java HotSpot(TM) 64-Bit Server VM"/>
    <property name="localRepository" value="C:\Users\Usuario\.m2\repository"/>
    <property name="java.vendor.url.bug" value="http://bugreport.sun.com/bugreport/"/>
    <property name="java.io.tmpdir" value="C:\Users\Usuario\AppData\Local\Temp\"/>
    <property name="java.version" value="1.8.0_202"/>
    <property name="user.dir" value="D:\David ECI\10 SEMESTRE\IETI\LABORATORIO\5 SEMANA\spring-boot-tdd-DavidRivera"/>
    <property name="os.arch" value="amd64"/>
    <property name="java.vm.specification.name" value="Java Virtual Machine Specification"/>
    <property name="java.awt.printerjob" value="sun.awt.windows.WPrinterJob"/>
    <property name="sun.os.patch.level" value=""/>
    <property name="java.library.path" value="C:\Program Files\Java\jdk1.8.0_202\jre\bin;C:\WINDOWS\Sun\Java\bin;C:\WINDOWS\system32;C:\WINDOWS;C:\Users\Usuario\bin;C:\Program Files\Git\mingw64\bin;C:\Program Files\Git\usr\local\bin;C:\Program Files\Git\usr\bin;C:\Program Files\Git\usr\bin;C:\Program Files\Git\mingw64\bin;C:\Program Files\Git\usr\bin;C:\Users\Usuario\bin;C:\Program Files (x86)\Common Files\Oracle\Java\javapath;C:\WINDOWS\system32;C:\WINDOWS;C:\WINDOWS\System32\Wbem;C:\WINDOWS\System32\WindowsPowerShell\v1.0;C:\WINDOWS\System32\OpenSSH;C:\Program Files\dotnet;C:\Program Files (x86)\dotnet;C:\Program Files (x86)\Microsoft SQL Server\150\DTS\Binn;C:\Program Files (x86)\QuickTime\QTSystem;C:\Program Files\Java\jdk1.8.0_202\bin;C:\Program Files\Java\jre1.8.0_202\bin;D:\David ECI\8 SEMESTRE\CVDS\0 APLICACIONES\apache-maven-3.6.3\bin;C:\gradle-6.8.3\bin;C:\Program Files\Git\cmd;C:\Program Files\nodejs;C:\Program Files\Docker\Docker\resources\bin;C:\ProgramData\DockerDesktop\version-bin;C:\Users\Usuario\AppData\Local\Programs\Python\Python38-32\Scripts;C:\Users\Usuario\AppData\Local\Programs\Python\Python38-32;C:\Users\Usuario\AppData\Local\Microsoft\WindowsApps;C:\Program Files\JetBrains\IntelliJ IDEA 2020.2.2\bin;C:\Program Files (x86)\SSH Communications Security\SSH Secure Shell;C:\Users\Usuario\AppData\Local\Programs\Microsoft VS Code\bin;C:\Program Files\heroku\bin;C:\Users\Usuario\AppData\Local\GitHubDesktop\bin;C:\Users\Usuario\AppData\Roaming\npm;C:\Program Files\Git\usr\bin\vendor_perl;C:\Program Files\Git\usr\bin\core_perl;."/>
    <property name="java.vm.info" value="mixed mode"/>
    <property name="java.vendor" value="Oracle Corporation"/>
    <property name="java.vm.version" value="25.202-b08"/>
    <property name="java.ext.dirs" value="C:\Program Files\Java\jdk1.8.0_202\jre\lib\ext;C:\WINDOWS\Sun\Java\lib\ext"/>
    <property name="sun.io.unicode.encoding" value="UnicodeLittle"/>
    <property name="java.class.version" value="52.0"/>
  </properties>
  <testcase name="weatherReportIdNotFoundTest" classname="org.adaschool.tdd.MongoWeatherServiceTest" time="0.062">
    <failure message="Unexpected exception type thrown ==&gt; expected: &lt;org.adaschool.tdd.exception.WeatherReportNotFoundException&gt; but was: &lt;java.lang.RuntimeException&gt;" type="org.opentest4j.AssertionFailedError"><![CDATA[org.opentest4j.AssertionFailedError: Unexpected exception type thrown ==> expected: <org.adaschool.tdd.exception.WeatherReportNotFoundException> but was: <java.lang.RuntimeException>
	at org.adaschool.tdd.MongoWeatherServiceTest.weatherReportIdNotFoundTest(MongoWeatherServiceTest.java:68)
Caused by: java.lang.RuntimeException: Implement this method
	at org.adaschool.tdd.MongoWeatherServiceTest.lambda$weatherReportIdNotFoundTest$0(MongoWeatherServiceTest.java:69)
	at org.adaschool.tdd.MongoWeatherServiceTest.weatherReportIdNotFoundTest(MongoWeatherServiceTest.java:68)
]]></failure>
    <system-out><![CDATA[2021-09-16 14:04:32.055  INFO 13448 --- [           main] .b.t.c.SpringBootTestContextBootstrapper : Neither @ContextConfiguration nor @ContextHierarchy found for test class [org.adaschool.tdd.MongoWeatherServiceTest], using SpringBootContextLoader
2021-09-16 14:04:32.057  INFO 13448 --- [           main] o.s.t.c.support.AbstractContextLoader    : Could not detect default resource locations for test class [org.adaschool.tdd.MongoWeatherServiceTest]: no resource found for suffixes {-context.xml, Context.groovy}.
2021-09-16 14:04:32.057  INFO 13448 --- [           main] t.c.s.AnnotationConfigContextLoaderUtils : Could not detect default configuration classes for test class [org.adaschool.tdd.MongoWeatherServiceTest]: MongoWeatherServiceTest does not declare any static, non-private, non-final, nested classes annotated with @Configuration.
2021-09-16 14:04:32.068  INFO 13448 --- [           main] .b.t.c.SpringBootTestContextBootstrapper : Found @SpringBootConfiguration org.adaschool.tdd.TddApplication for test class org.adaschool.tdd.MongoWeatherServiceTest
2021-09-16 14:04:32.078  INFO 13448 --- [           main] .b.t.c.SpringBootTestContextBootstrapper : Loaded default TestExecutionListener class names from location [META-INF/spring.factories]: [org.springframework.boot.test.mock.mockito.MockitoTestExecutionListener, org.springframework.boot.test.mock.mockito.ResetMocksTestExecutionListener, org.springframework.boot.test.autoconfigure.restdocs.RestDocsTestExecutionListener, org.springframework.boot.test.autoconfigure.web.client.MockRestServiceServerResetTestExecutionListener, org.springframework.boot.test.autoconfigure.web.servlet.MockMvcPrintOnlyOnFailureTestExecutionListener, org.springframework.boot.test.autoconfigure.web.servlet.WebDriverTestExecutionListener, org.springframework.boot.test.autoconfigure.webservices.client.MockWebServiceServerTestExecutionListener, org.springframework.test.context.web.ServletTestExecutionListener, org.springframework.test.context.support.DirtiesContextBeforeModesTestExecutionListener, org.springframework.test.context.event.ApplicationEventsTestExecutionListener, org.springframework.test.context.support.DependencyInjectionTestExecutionListener, org.springframework.test.context.support.DirtiesContextTestExecutionListener, org.springframework.test.context.transaction.TransactionalTestExecutionListener, org.springframework.test.context.jdbc.SqlScriptsTestExecutionListener, org.springframework.test.context.event.EventPublishingTestExecutionListener]
2021-09-16 14:04:32.088  INFO 13448 --- [           main] .b.t.c.SpringBootTestContextBootstrapper : Using TestExecutionListeners: [org.springframework.test.context.web.ServletTestExecutionListener@1e54a6b1, org.springframework.test.context.support.DirtiesContextBeforeModesTestExecutionListener@f238e4f, org.springframework.test.context.event.ApplicationEventsTestExecutionListener@3b24087d, org.springframework.boot.test.mock.mockito.MockitoTestExecutionListener@75fe1619, org.springframework.boot.test.autoconfigure.SpringBootDependencyInjectionTestExecutionListener@4e245739, org.springframework.test.context.support.DirtiesContextTestExecutionListener@5d66e944, org.springframework.test.context.transaction.TransactionalTestExecutionListener@469a7575, org.springframework.test.context.jdbc.SqlScriptsTestExecutionListener@4351ed61, org.springframework.test.context.event.EventPublishingTestExecutionListener@2f20f7ad, org.springframework.boot.test.mock.mockito.ResetMocksTestExecutionListener@45e617c4, org.springframework.boot.test.autoconfigure.restdocs.RestDocsTestExecutionListener@5042e3d0, org.springframework.boot.test.autoconfigure.web.client.MockRestServiceServerResetTestExecutionListener@1c34365c, org.springframework.boot.test.autoconfigure.web.servlet.MockMvcPrintOnlyOnFailureTestExecutionListener@348137e8, org.springframework.boot.test.autoconfigure.web.servlet.WebDriverTestExecutionListener@412c5e8b, org.springframework.boot.test.autoconfigure.webservices.client.MockWebServiceServerTestExecutionListener@637791d]

  .   ____          _            __ _ _
 /\\ / ___'_ __ _ _(_)_ __  __ _ \ \ \ \
( ( )\___ | '_ | '_| | '_ \/ _` | \ \ \ \
 \\/  ___)| |_)| | | | | || (_| |  ) ) ) )
  '  |____| .__|_| |_|_| |_\__, | / / / /
 =========|_|==============|___/=/_/_/_/
 :: Spring Boot ::                (v2.5.4)

2021-09-16 14:04:32.222  INFO 13448 --- [           main] o.adaschool.tdd.MongoWeatherServiceTest  : Starting MongoWeatherServiceTest using Java 1.8.0_202 on DESKTOP-BI8NTOV with PID 13448 (started by Usuario in D:\David ECI\10 SEMESTRE\IETI\LABORATORIO\5 SEMANA\spring-boot-tdd-DavidRivera)
2021-09-16 14:04:32.222  INFO 13448 --- [           main] o.adaschool.tdd.MongoWeatherServiceTest  : No active profile set, falling back to default profiles: default
2021-09-16 14:04:32.821  INFO 13448 --- [           main] .s.d.r.c.RepositoryConfigurationDelegate : Bootstrapping Spring Data MongoDB repositories in DEFAULT mode.
2021-09-16 14:04:32.860  INFO 13448 --- [           main] .s.d.r.c.RepositoryConfigurationDelegate : Finished Spring Data repository scanning in 36 ms. Found 1 MongoDB repository interfaces.
2021-09-16 14:04:33.264  INFO 13448 --- [           main] org.mongodb.driver.cluster               : Cluster created with settings {hosts=[localhost:27017], mode=SINGLE, requiredClusterType=UNKNOWN, serverSelectionTimeout='30000 ms'}
2021-09-16 14:04:35.243  INFO 13448 --- [           main] o.adaschool.tdd.MongoWeatherServiceTest  : Started MongoWeatherServiceTest in 3.129 seconds (JVM running for 22.94)
2021-09-16 14:04:35.364  INFO 13448 --- [localhost:27017] org.mongodb.driver.cluster               : Exception in monitor thread while connecting to server localhost:27017

com.mongodb.MongoSocketOpenException: Exception opening socket
	at com.mongodb.internal.connection.SocketStream.open(SocketStream.java:70) ~[mongodb-driver-core-4.2.3.jar:na]
	at com.mongodb.internal.connection.InternalStreamConnection.open(InternalStreamConnection.java:143) ~[mongodb-driver-core-4.2.3.jar:na]
	at com.mongodb.internal.connection.DefaultServerMonitor$ServerMonitorRunnable.lookupServerDescription(DefaultServerMonitor.java:188) ~[mongodb-driver-core-4.2.3.jar:na]
	at com.mongodb.internal.connection.DefaultServerMonitor$ServerMonitorRunnable.run(DefaultServerMonitor.java:144) ~[mongodb-driver-core-4.2.3.jar:na]
	at java.lang.Thread.run(Thread.java:748) [na:1.8.0_202]
Caused by: java.net.ConnectException: Connection refused: connect
	at java.net.DualStackPlainSocketImpl.waitForConnect(Native Method) ~[na:1.8.0_202]
	at java.net.DualStackPlainSocketImpl.socketConnect(DualStackPlainSocketImpl.java:85) ~[na:1.8.0_202]
	at java.net.AbstractPlainSocketImpl.doConnect(AbstractPlainSocketImpl.java:350) ~[na:1.8.0_202]
	at java.net.AbstractPlainSocketImpl.connectToAddress(AbstractPlainSocketImpl.java:206) ~[na:1.8.0_202]
	at java.net.AbstractPlainSocketImpl.connect(AbstractPlainSocketImpl.java:188) ~[na:1.8.0_202]
	at java.net.PlainSocketImpl.connect(PlainSocketImpl.java:172) ~[na:1.8.0_202]
	at java.net.SocksSocketImpl.connect(SocksSocketImpl.java:392) ~[na:1.8.0_202]
	at java.net.Socket.connect(Socket.java:589) ~[na:1.8.0_202]
	at com.mongodb.internal.connection.SocketStreamHelper.initialize(SocketStreamHelper.java:107) ~[mongodb-driver-core-4.2.3.jar:na]
	at com.mongodb.internal.connection.SocketStream.initializeSocket(SocketStream.java:79) ~[mongodb-driver-core-4.2.3.jar:na]
	at com.mongodb.internal.connection.SocketStream.open(SocketStream.java:65) ~[mongodb-driver-core-4.2.3.jar:na]
	... 4 common frames omitted

]]></system-out>
  </testcase>
  <testcase name="weatherReportIdFoundTest" classname="org.adaschool.tdd.MongoWeatherServiceTest" time="0.018">
    <error message="Implement this method" type="java.lang.RuntimeException">java.lang.RuntimeException: Implement this method
	at org.adaschool.tdd.MongoWeatherServiceTest.weatherReportIdFoundTest(MongoWeatherServiceTest.java:59)
</error>
  </testcase>
  <testcase name="createWeatherReportCallsSaveOnRepository" classname="org.adaschool.tdd.MongoWeatherServiceTest" time="0.051">
    <failure message="&#10;Wanted but not invoked:&#10;repository.save(&#10;    &lt;any org.adaschool.tdd.repository.document.WeatherReport&gt;&#10;);&#10;-&gt; at org.adaschool.tdd.MongoWeatherServiceTest.createWeatherReportCallsSaveOnRepository(MongoWeatherServiceTest.java:47)&#10;Actually, there were zero interactions with this mock.&#10;" type="org.mockito.exceptions.verification.WantedButNotInvoked"><![CDATA[org.mockito.exceptions.verification.WantedButNotInvoked: 

Wanted but not invoked:
repository.save(
    <any org.adaschool.tdd.repository.document.WeatherReport>
);
-> at org.adaschool.tdd.MongoWeatherServiceTest.createWeatherReportCallsSaveOnRepository(MongoWeatherServiceTest.java:47)
Actually, there were zero interactions with this mock.

	at org.adaschool.tdd.MongoWeatherServiceTest.createWeatherReportCallsSaveOnRepository(MongoWeatherServiceTest.java:47)
]]></failure>
  </testcase>
</testsuite>